<?xml version="1.0" encoding="UTF-8"?>
<testng-results ignored="0" total="1" passed="1" failed="0" skipped="0">
  <reporter-output>
  </reporter-output>
  <suite started-at="2024-07-18T09:52:30 IST" name="Default suite" finished-at="2024-07-18T09:53:25 IST" duration-ms="54706">
    <groups>
    </groups>
    <test started-at="2024-07-18T09:52:30 IST" name="Default test" finished-at="2024-07-18T09:53:25 IST" duration-ms="54706">
      <class name="test.GoDaddyHomePageNavTest">
        <test-method is-config="true" signature="openApplication()[pri:0, instance:test.GoDaddyHomePageNavTest@41d477ed]" started-at="2024-07-18T09:52:30 IST" name="openApplication" finished-at="2024-07-18T09:52:38 IST" duration-ms="8465" status="PASS">
          <reporter-output>
          </reporter-output>
        </test-method> <!-- openApplication -->
        <test-method signature="verifyGoDaddayNavigationMenues()[pri:0, instance:test.GoDaddyHomePageNavTest@41d477ed]" started-at="2024-07-18T09:52:38 IST" name="verifyGoDaddayNavigationMenues" finished-at="2024-07-18T09:53:25 IST" duration-ms="46143" status="PASS">
          <reporter-output>
          </reporter-output>
        </test-method> <!-- verifyGoDaddayNavigationMenues -->
      </class> <!-- test.GoDaddyHomePageNavTest -->
    </test> <!-- Default test -->
  </suite> <!-- Default suite -->
</testng-results>
